0 info it worked if it ends with ok
1 verbose cli [ '/usr/local/bin/node', '/usr/local/bin/npm', 'i', '-g', 'bower' ]
2 info using npm@2.15.8
3 info using node@v4.4.7
4 verbose install initial load of /usr/local/lib/package.json
5 verbose readDependencies loading dependencies from /usr/local/lib/package.json
6 silly cache add args [ 'bower', null ]
7 verbose cache add spec bower
8 silly cache add parsed spec Result {
8 silly cache add   raw: 'bower',
8 silly cache add   scope: null,
8 silly cache add   name: 'bower',
8 silly cache add   rawSpec: '',
8 silly cache add   spec: 'latest',
8 silly cache add   type: 'tag' }
9 silly addNamed bower@latest
10 verbose addNamed "latest" is being treated as a dist-tag for bower
11 info addNameTag [ 'bower', 'latest' ]
12 silly mapToRegistry name bower
13 silly mapToRegistry using default registry
14 silly mapToRegistry registry https://registry.npmjs.org/
15 silly mapToRegistry data Result {
15 silly mapToRegistry   raw: 'bower',
15 silly mapToRegistry   scope: null,
15 silly mapToRegistry   name: 'bower',
15 silly mapToRegistry   rawSpec: '',
15 silly mapToRegistry   spec: 'latest',
15 silly mapToRegistry   type: 'tag' }
16 silly mapToRegistry uri https://registry.npmjs.org/bower
17 verbose addNameTag registry:https://registry.npmjs.org/bower not in flight; fetching
18 verbose request uri https://registry.npmjs.org/bower
19 verbose request no auth needed
20 info attempt registry request try #1 at 22:56:13
21 verbose request id 23fa9c4a9bec0f30
22 verbose etag "7YLN0K0O0W43GB3C9X14BOLE4"
23 http request GET https://registry.npmjs.org/bower
24 http 200 https://registry.npmjs.org/bower
25 verbose headers { server: 'nginx/1.10.3',
25 verbose headers   'content-type': 'application/json',
25 verbose headers   'last-modified': 'Thu, 15 Jun 2017 19:06:37 GMT',
25 verbose headers   etag: 'W/"5942dabd-314ec"',
25 verbose headers   'content-encoding': 'gzip',
25 verbose headers   'cache-control': 'max-age=300',
25 verbose headers   'content-length': '17251',
25 verbose headers   'accept-ranges': 'bytes',
25 verbose headers   date: 'Wed, 21 Jun 2017 14:56:14 GMT',
25 verbose headers   via: '1.1 varnish',
25 verbose headers   age: '147',
25 verbose headers   connection: 'keep-alive',
25 verbose headers   'x-served-by': 'cache-nrt6131-NRT',
25 verbose headers   'x-cache': 'HIT',
25 verbose headers   'x-cache-hits': '135',
25 verbose headers   'x-timer': 'S1498056974.209637,VS0,VE0',
25 verbose headers   vary: 'Accept-Encoding' }
26 silly get cb [ 200,
26 silly get   { server: 'nginx/1.10.3',
26 silly get     'content-type': 'application/json',
26 silly get     'last-modified': 'Thu, 15 Jun 2017 19:06:37 GMT',
26 silly get     etag: 'W/"5942dabd-314ec"',
26 silly get     'content-encoding': 'gzip',
26 silly get     'cache-control': 'max-age=300',
26 silly get     'content-length': '17251',
26 silly get     'accept-ranges': 'bytes',
26 silly get     date: 'Wed, 21 Jun 2017 14:56:14 GMT',
26 silly get     via: '1.1 varnish',
26 silly get     age: '147',
26 silly get     connection: 'keep-alive',
26 silly get     'x-served-by': 'cache-nrt6131-NRT',
26 silly get     'x-cache': 'HIT',
26 silly get     'x-cache-hits': '135',
26 silly get     'x-timer': 'S1498056974.209637,VS0,VE0',
26 silly get     vary: 'Accept-Encoding' } ]
27 verbose get saving bower to /Users/hansir/.npm/registry.npmjs.org/bower/.cache.json
28 verbose correctMkdir /Users/hansir/.npm correctMkdir not in flight; initializing
29 silly addNameTag next cb for bower with tag latest
30 silly addNamed bower@1.8.0
31 verbose addNamed "1.8.0" is a plain semver version for bower
32 warn deprecated bower@1.8.0: ..psst! While Bower is maintained, we recommend Yarn and Webpack for *new* front-end projects! Yarn's advantage is security and reliability, and Webpack's is support for both CommonJS and AMD projects. Currently there's no migration path but we hope you'll help us figure out one.
33 silly mapToRegistry name bower
34 silly mapToRegistry using default registry
35 silly mapToRegistry registry https://registry.npmjs.org/
36 silly mapToRegistry data Result {
36 silly mapToRegistry   raw: 'bower',
36 silly mapToRegistry   scope: null,
36 silly mapToRegistry   name: 'bower',
36 silly mapToRegistry   rawSpec: '',
36 silly mapToRegistry   spec: 'latest',
36 silly mapToRegistry   type: 'tag' }
37 silly mapToRegistry uri https://registry.npmjs.org/bower
38 verbose addRemoteTarball https://registry.npmjs.org/bower/-/bower-1.8.0.tgz not in flight; adding
39 verbose addRemoteTarball [ 'https://registry.npmjs.org/bower/-/bower-1.8.0.tgz',
39 verbose addRemoteTarball   '55dbebef0ad9155382d9e9d3e497c1372345b44a' ]
40 info retry fetch attempt 1 at 22:56:14
41 info attempt registry request try #1 at 22:56:14
42 http fetch GET https://registry.npmjs.org/bower/-/bower-1.8.0.tgz
43 http fetch 200 https://registry.npmjs.org/bower/-/bower-1.8.0.tgz
44 silly fetchAndShaCheck shasum 55dbebef0ad9155382d9e9d3e497c1372345b44a
45 verbose addTmpTarball /var/folders/vk/qlm1y7l50jlglt49z1yqhs_m0000gn/T/npm-35381-5c62d694/registry.npmjs.org/bower/-/bower-1.8.0.tgz not in flight; adding
46 verbose addTmpTarball already have metadata; skipping unpack for bower@1.8.0
47 verbose correctMkdir /Users/hansir/.npm correctMkdir not in flight; initializing
48 silly cache afterAdd bower@1.8.0
49 verbose afterAdd /Users/hansir/.npm/bower/1.8.0/package/package.json not in flight; writing
50 verbose correctMkdir /Users/hansir/.npm correctMkdir not in flight; initializing
51 verbose afterAdd /Users/hansir/.npm/bower/1.8.0/package/package.json written
52 silly install resolved [ { name: 'bower',
52 silly install resolved     version: '1.8.0',
52 silly install resolved     description: 'The browser package manager',
52 silly install resolved     author: { name: 'Twitter' },
52 silly install resolved     license: 'MIT',
52 silly install resolved     repository: { type: 'git', url: 'git+https://github.com/bower/bower.git' },
52 silly install resolved     main: 'lib',
52 silly install resolved     bin: { bower: 'bin/bower' },
52 silly install resolved     homepage: 'http://bower.io',
52 silly install resolved     engines: { node: '>=0.10.0' },
52 silly install resolved     keywords: [ 'bower' ],
52 silly install resolved     files: [ 'bin', 'lib' ],
52 silly install resolved     bugs: { url: 'https://github.com/bower/bower/issues' },
52 silly install resolved     _id: 'bower@1.8.0',
52 silly install resolved     scripts: {},
52 silly install resolved     _shasum: '55dbebef0ad9155382d9e9d3e497c1372345b44a',
52 silly install resolved     _from: 'bower@latest',
52 silly install resolved     _npmVersion: '3.10.9',
52 silly install resolved     _nodeVersion: '4.4.6',
52 silly install resolved     _npmUser: { name: 'sheerun', email: 'sheerun@sher.pl' },
52 silly install resolved     dist:
52 silly install resolved      { shasum: '55dbebef0ad9155382d9e9d3e497c1372345b44a',
52 silly install resolved        tarball: 'https://registry.npmjs.org/bower/-/bower-1.8.0.tgz' },
52 silly install resolved     maintainers:
52 silly install resolved      [ [Object],
52 silly install resolved        [Object],
52 silly install resolved        [Object],
52 silly install resolved        [Object],
52 silly install resolved        [Object],
52 silly install resolved        [Object],
52 silly install resolved        [Object] ],
52 silly install resolved     _npmOperationalInternal:
52 silly install resolved      { host: 'packages-18-east.internal.npmjs.com',
52 silly install resolved        tmp: 'tmp/bower-1.8.0.tgz_1478512918020_0.7136248126626015' },
52 silly install resolved     directories: {},
52 silly install resolved     deprecated: '..psst! While Bower is maintained, we recommend Yarn and Webpack for *new* front-end projects! Yarn\'s advantage is security and reliability, and Webpack\'s is support for both CommonJS and AMD projects. Currently there\'s no migration path but we hope you\'ll help us figure out one.',
52 silly install resolved     _resolved: 'https://registry.npmjs.org/bower/-/bower-1.8.0.tgz' } ]
53 info install bower@1.8.0 into /usr/local/lib
54 info installOne bower@1.8.0
55 verbose installOne of bower to /usr/local/lib not in flight; installing
56 verbose correctMkdir /Users/hansir/.npm/_locks correctMkdir not in flight; initializing
57 verbose lock using /Users/hansir/.npm/_locks/bower-e8debc5417026b57.lock for /usr/local/lib/node_modules/bower
58 silly install write writing bower 1.8.0 to /usr/local/lib/node_modules/bower
59 verbose unbuild lib/node_modules/bower
60 info preuninstall bower@1.7.9
61 info uninstall bower@1.7.9
62 verbose unbuild rmStuff bower@1.7.9 from /usr/local/lib/node_modules
63 silly gentlyRm /usr/local/bin/bower is being gently removed
64 silly gentlyRm verifying /usr/local is an npm working directory
65 silly gentlyRm containing path /usr/local is under npm's control, in /usr/local
66 silly gentlyRm deletion target /usr/local/bin/bower is under /usr/local
67 verbose gentlyRm vacuuming from /usr/local/bin/bower up to /usr/local
68 silly vacuum-fs removing /usr/local/bin/bower
69 silly vacuum-fs quitting because other entries in /usr/local/bin
70 info postuninstall bower@1.7.9
71 silly gentlyRm /usr/local/lib/node_modules/bower is being purged from base /usr/local
72 verbose gentlyRm don't care about contents; nuking /usr/local/lib/node_modules/bower
73 silly vacuum-fs purging /usr/local/lib/node_modules/bower
74 verbose unlock done using /Users/hansir/.npm/_locks/bower-e8debc5417026b57.lock for /usr/local/lib/node_modules/bower
75 verbose stack Error: EACCES: permission denied, rmdir '/usr/local/lib/node_modules/bower'
75 verbose stack     at Error (native)
76 verbose cwd /Users/hansir/WebstormProjects/wolfapp
77 error Darwin 16.6.0
78 error argv "/usr/local/bin/node" "/usr/local/bin/npm" "i" "-g" "bower"
79 error node v4.4.7
80 error npm  v2.15.8
81 error path /usr/local/lib/node_modules/bower
82 error code EACCES
83 error errno -13
84 error syscall rmdir
85 error Error: EACCES: permission denied, rmdir '/usr/local/lib/node_modules/bower'
85 error     at Error (native)
85 error  { [Error: EACCES: permission denied, rmdir '/usr/local/lib/node_modules/bower']
85 error   errno: -13,
85 error   code: 'EACCES',
85 error   syscall: 'rmdir',
85 error   path: '/usr/local/lib/node_modules/bower' }
86 error Please try running this command again as root/Administrator.
87 verbose exit [ -13, true ]
88 verbose unbuild lib/node_modules/bower
89 info preuninstall bower@1.7.9
90 info uninstall bower@1.7.9
91 verbose unbuild rmStuff bower@1.7.9 from /usr/local/lib/node_modules
92 silly gentlyRm /usr/local/bin/bower is being gently removed
93 silly gentlyRm verifying /usr/local is an npm working directory
94 silly gentlyRm containing path /usr/local is under npm's control, in /usr/local
95 silly gentlyRm deletion target /usr/local/bin/bower is under /usr/local
96 verbose gentlyRm vacuuming from /usr/local/bin/bower up to /usr/local
97 info postuninstall bower@1.7.9
98 silly gentlyRm /usr/local/lib/node_modules/bower is being purged from base /usr/local
99 verbose gentlyRm don't care about contents; nuking /usr/local/lib/node_modules/bower
100 silly vacuum-fs purging /usr/local/lib/node_modules/bower
101 error error rolling back Error: EACCES: permission denied, rmdir '/usr/local/lib/node_modules/bower'
101 error error rolling back     at Error (native)
101 error error rolling back  { [Error: EACCES: permission denied, rmdir '/usr/local/lib/node_modules/bower']
101 error error rolling back   errno: -13,
101 error error rolling back   code: 'EACCES',
101 error error rolling back   syscall: 'rmdir',
101 error error rolling back   path: '/usr/local/lib/node_modules/bower' }
